<?xml version="1.0" encoding="UTF-8"?>
<!-- Generated by org.testng.reporters.JUnitReportReporter -->
<testsuite skipped="0" hostname="LAPTOP-VNPRV150" name="package1.Name" tests="3" failures="0" timestamp="16 Aug 2020 10:31:14 GMT" time="0.015" errors="0">
  <testcase name="test1" time="0.015" classname="package1.Name"/>
  <testcase name="test2" time="0.000" classname="package1.Name"/>
  <testcase name="test3" time="0.000" classname="package1.Name"/>
</testsuite> <!-- package1.Name -->
